2017-11-23 08:54:39 [ ERROR ] [ ZkClientWrapper.java :53(start)]  [DUBBO] Timeout! zookeeper server can not be connected in : 30000ms!, dubbo version: 2.5.7, current host: 172.18.56.43
java.util.concurrent.TimeoutException
	at java.util.concurrent.FutureTask.get(FutureTask.java:205)
	at com.alibaba.dubbo.remoting.zookeeper.zkclient.ZkClientWrapper.start(ZkClientWrapper.java:51)
	at com.alibaba.dubbo.remoting.zookeeper.zkclient.ZkclientZookeeperClient.<init>(ZkclientZookeeperClient.java:39)
	at com.alibaba.dubbo.remoting.zookeeper.zkclient.ZkclientZookeeperTransporter.connect(ZkclientZookeeperTransporter.java:10)
	at com.alibaba.dubbo.remoting.zookeeper.ZookeeperTransporter$Adaptive.connect(ZookeeperTransporter$Adaptive.java)
	at com.alibaba.dubbo.registry.zookeeper.ZookeeperRegistry.<init>(ZookeeperRegistry.java:69)
	at com.alibaba.dubbo.registry.zookeeper.ZookeeperRegistryFactory.createRegistry(ZookeeperRegistryFactory.java:37)
	at com.alibaba.dubbo.registry.support.AbstractRegistryFactory.getRegistry(AbstractRegistryFactory.java:95)
	at com.alibaba.dubbo.registry.RegistryFactory$Adaptive.getRegistry(RegistryFactory$Adaptive.java)
	at com.alibaba.dubbo.registry.integration.RegistryProtocol.refer(RegistryProtocol.java:257)
	at com.alibaba.dubbo.rpc.protocol.ProtocolFilterWrapper.refer(ProtocolFilterWrapper.java:99)
	at com.alibaba.dubbo.rpc.protocol.ProtocolListenerWrapper.refer(ProtocolListenerWrapper.java:63)
	at com.alibaba.dubbo.rpc.Protocol$Adaptive.refer(Protocol$Adaptive.java)
	at com.alibaba.dubbo.config.ReferenceConfig.createProxy(ReferenceConfig.java:391)
	at com.alibaba.dubbo.config.ReferenceConfig.init(ReferenceConfig.java:332)
	at com.alibaba.dubbo.config.ReferenceConfig.get(ReferenceConfig.java:161)
	at com.alibaba.dubbo.config.spring.ReferenceBean.getObject(ReferenceBean.java:65)
	at org.springframework.beans.factory.support.FactoryBeanRegistrySupport.doGetObjectFromFactoryBean(FactoryBeanRegistrySupport.java:162)
	at org.springframework.beans.factory.support.FactoryBeanRegistrySupport.getObjectFromFactoryBean(FactoryBeanRegistrySupport.java:101)
	at org.springframework.beans.factory.support.AbstractBeanFactory.getObjectForBeanInstance(AbstractBeanFactory.java:1640)
	at org.springframework.beans.factory.support.AbstractAutowireCapableBeanFactory.getObjectForBeanInstance(AbstractAutowireCapableBeanFactory.java:1177)
	at org.springframework.beans.factory.support.AbstractBeanFactory.doGetBean(AbstractBeanFactory.java:258)
	at org.springframework.beans.factory.support.AbstractBeanFactory.getBean(AbstractBeanFactory.java:200)
	at org.springframework.beans.factory.config.DependencyDescriptor.resolveCandidate(DependencyDescriptor.java:251)
	at org.springframework.beans.factory.support.DefaultListableBeanFactory.addCandidateEntry(DefaultListableBeanFactory.java:1320)
	at org.springframework.beans.factory.support.DefaultListableBeanFactory.findAutowireCandidates(DefaultListableBeanFactory.java:1286)
	at org.springframework.beans.factory.support.DefaultListableBeanFactory.doResolveDependency(DefaultListableBeanFactory.java:1096)
	at org.springframework.beans.factory.support.DefaultListableBeanFactory.resolveDependency(DefaultListableBeanFactory.java:1060)
	at org.springframework.beans.factory.annotation.AutowiredAnnotationBeanPostProcessor$AutowiredFieldElement.inject(AutowiredAnnotationBeanPostProcessor.java:578)
	at org.springframework.beans.factory.annotation.InjectionMetadata.inject(InjectionMetadata.java:91)
	at org.springframework.beans.factory.annotation.AutowiredAnnotationBeanPostProcessor.postProcessPropertyValues(AutowiredAnnotationBeanPostProcessor.java:367)
	at org.springframework.beans.factory.support.AbstractAutowireCapableBeanFactory.populateBean(AbstractAutowireCapableBeanFactory.java:1340)
	at org.springframework.beans.factory.support.AbstractAutowireCapableBeanFactory.doCreateBean(AbstractAutowireCapableBeanFactory.java:582)
	at org.springframework.beans.factory.support.AbstractAutowireCapableBeanFactory.createBean(AbstractAutowireCapableBeanFactory.java:502)
	at org.springframework.beans.factory.support.AbstractBeanFactory.lambda$doGetBean$0(AbstractBeanFactory.java:312)
	at org.springframework.beans.factory.support.DefaultSingletonBeanRegistry.getSingleton(DefaultSingletonBeanRegistry.java:228)
	at org.springframework.beans.factory.support.AbstractBeanFactory.doGetBean(AbstractBeanFactory.java:310)
	at org.springframework.beans.factory.support.AbstractBeanFactory.getBean(AbstractBeanFactory.java:200)
	at org.springframework.beans.factory.support.BeanDefinitionValueResolver.resolveReference(BeanDefinitionValueResolver.java:367)
	at org.springframework.beans.factory.support.BeanDefinitionValueResolver.resolveValueIfNecessary(BeanDefinitionValueResolver.java:110)
	at org.springframework.beans.factory.support.BeanDefinitionValueResolver.resolveManagedList(BeanDefinitionValueResolver.java:401)
	at org.springframework.beans.factory.support.BeanDefinitionValueResolver.resolveValueIfNecessary(BeanDefinitionValueResolver.java:159)
	at org.springframework.beans.factory.support.AbstractAutowireCapableBeanFactory.applyPropertyValues(AbstractAutowireCapableBeanFactory.java:1607)
	at org.springframework.beans.factory.support.AbstractAutowireCapableBeanFactory.populateBean(AbstractAutowireCapableBeanFactory.java:1352)
	at org.springframework.beans.factory.support.AbstractAutowireCapableBeanFactory.doCreateBean(AbstractAutowireCapableBeanFactory.java:582)
	at org.springframework.beans.factory.support.AbstractAutowireCapableBeanFactory.createBean(AbstractAutowireCapableBeanFactory.java:502)
	at org.springframework.beans.factory.support.AbstractBeanFactory.lambda$doGetBean$0(AbstractBeanFactory.java:312)
	at org.springframework.beans.factory.support.DefaultSingletonBeanRegistry.getSingleton(DefaultSingletonBeanRegistry.java:228)
	at org.springframework.beans.factory.support.AbstractBeanFactory.doGetBean(AbstractBeanFactory.java:310)
	at org.springframework.beans.factory.support.AbstractBeanFactory.getBean(AbstractBeanFactory.java:200)
	at org.springframework.beans.factory.support.BeanDefinitionValueResolver.resolveReference(BeanDefinitionValueResolver.java:367)
	at org.springframework.beans.factory.support.BeanDefinitionValueResolver.resolveValueIfNecessary(BeanDefinitionValueResolver.java:110)
	at org.springframework.beans.factory.support.AbstractAutowireCapableBeanFactory.applyPropertyValues(AbstractAutowireCapableBeanFactory.java:1607)
	at org.springframework.beans.factory.support.AbstractAutowireCapableBeanFactory.populateBean(AbstractAutowireCapableBeanFactory.java:1352)
	at org.springframework.beans.factory.support.AbstractAutowireCapableBeanFactory.doCreateBean(AbstractAutowireCapableBeanFactory.java:582)
	at org.springframework.beans.factory.support.AbstractAutowireCapableBeanFactory.createBean(AbstractAutowireCapableBeanFactory.java:502)
	at org.springframework.beans.factory.support.AbstractBeanFactory.lambda$doGetBean$0(AbstractBeanFactory.java:312)
	at org.springframework.beans.factory.support.DefaultSingletonBeanRegistry.getSingleton(DefaultSingletonBeanRegistry.java:228)
	at org.springframework.beans.factory.support.AbstractBeanFactory.doGetBean(AbstractBeanFactory.java:310)
	at org.springframework.beans.factory.support.AbstractBeanFactory.getBean(AbstractBeanFactory.java:200)
	at org.springframework.beans.factory.support.BeanDefinitionValueResolver.resolveReference(BeanDefinitionValueResolver.java:367)
	at org.springframework.beans.factory.support.BeanDefinitionValueResolver.resolveValueIfNecessary(BeanDefinitionValueResolver.java:110)
	at org.springframework.beans.factory.support.AbstractAutowireCapableBeanFactory.applyPropertyValues(AbstractAutowireCapableBeanFactory.java:1607)
	at org.springframework.beans.factory.support.AbstractAutowireCapableBeanFactory.populateBean(AbstractAutowireCapableBeanFactory.java:1352)
	at org.springframework.beans.factory.support.AbstractAutowireCapableBeanFactory.doCreateBean(AbstractAutowireCapableBeanFactory.java:582)
	at org.springframework.beans.factory.support.AbstractAutowireCapableBeanFactory.createBean(AbstractAutowireCapableBeanFactory.java:502)
	at org.springframework.beans.factory.support.AbstractBeanFactory.lambda$doGetBean$0(AbstractBeanFactory.java:312)
	at org.springframework.beans.factory.support.DefaultSingletonBeanRegistry.getSingleton(DefaultSingletonBeanRegistry.java:228)
	at org.springframework.beans.factory.support.AbstractBeanFactory.doGetBean(AbstractBeanFactory.java:310)
	at org.springframework.beans.factory.support.AbstractBeanFactory.getBean(AbstractBeanFactory.java:205)
	at org.springframework.context.support.PostProcessorRegistrationDelegate.registerBeanPostProcessors(PostProcessorRegistrationDelegate.java:238)
	at org.springframework.context.support.AbstractApplicationContext.registerBeanPostProcessors(AbstractApplicationContext.java:709)
	at org.springframework.context.support.AbstractApplicationContext.refresh(AbstractApplicationContext.java:534)
	at org.springframework.web.context.ContextLoader.configureAndRefreshWebApplicationContext(ContextLoader.java:409)
	at org.springframework.web.context.ContextLoader.initWebApplicationContext(ContextLoader.java:291)
	at org.springframework.web.context.ContextLoaderListener.contextInitialized(ContextLoaderListener.java:103)
	at org.eclipse.jetty.server.handler.ContextHandler.callContextInitialized(ContextHandler.java:890)
	at org.eclipse.jetty.servlet.ServletContextHandler.callContextInitialized(ServletContextHandler.java:532)
	at org.eclipse.jetty.server.handler.ContextHandler.startContext(ContextHandler.java:853)
	at org.eclipse.jetty.servlet.ServletContextHandler.startContext(ServletContextHandler.java:344)
	at org.eclipse.jetty.webapp.WebAppContext.startWebapp(WebAppContext.java:1514)
	at org.eclipse.jetty.maven.plugin.JettyWebAppContext.startWebapp(JettyWebAppContext.java:359)
	at org.eclipse.jetty.webapp.WebAppContext.startContext(WebAppContext.java:1476)
	at org.eclipse.jetty.server.handler.ContextHandler.doStart(ContextHandler.java:785)
	at org.eclipse.jetty.servlet.ServletContextHandler.doStart(ServletContextHandler.java:261)
	at org.eclipse.jetty.webapp.WebAppContext.doStart(WebAppContext.java:545)
	at org.eclipse.jetty.maven.plugin.JettyWebAppContext.doStart(JettyWebAppContext.java:434)
	at org.eclipse.jetty.util.component.AbstractLifeCycle.start(AbstractLifeCycle.java:68)
	at org.eclipse.jetty.util.component.ContainerLifeCycle.start(ContainerLifeCycle.java:131)
	at org.eclipse.jetty.util.component.ContainerLifeCycle.doStart(ContainerLifeCycle.java:113)
	at org.eclipse.jetty.server.handler.AbstractHandler.doStart(AbstractHandler.java:113)
	at org.eclipse.jetty.server.handler.ContextHandlerCollection.doStart(ContextHandlerCollection.java:167)
	at org.eclipse.jetty.util.component.AbstractLifeCycle.start(AbstractLifeCycle.java:68)
	at org.eclipse.jetty.util.component.ContainerLifeCycle.start(ContainerLifeCycle.java:131)
	at org.eclipse.jetty.util.component.ContainerLifeCycle.doStart(ContainerLifeCycle.java:113)
	at org.eclipse.jetty.server.handler.AbstractHandler.doStart(AbstractHandler.java:113)
	at org.eclipse.jetty.util.component.AbstractLifeCycle.start(AbstractLifeCycle.java:68)
	at org.eclipse.jetty.util.component.ContainerLifeCycle.start(ContainerLifeCycle.java:131)
	at org.eclipse.jetty.server.Server.start(Server.java:449)
	at org.eclipse.jetty.util.component.ContainerLifeCycle.doStart(ContainerLifeCycle.java:105)
	at org.eclipse.jetty.server.handler.AbstractHandler.doStart(AbstractHandler.java:113)
	at org.eclipse.jetty.server.Server.doStart(Server.java:416)
	at org.eclipse.jetty.util.component.AbstractLifeCycle.start(AbstractLifeCycle.java:68)
	at org.eclipse.jetty.maven.plugin.AbstractJettyMojo.startJetty(AbstractJettyMojo.java:467)
	at org.eclipse.jetty.maven.plugin.AbstractJettyMojo.execute(AbstractJettyMojo.java:333)
	at org.eclipse.jetty.maven.plugin.JettyRunWarExplodedMojo.execute(JettyRunWarExplodedMojo.java:69)
	at org.apache.maven.plugin.DefaultBuildPluginManager.executeMojo(DefaultBuildPluginManager.java:134)
	at org.apache.maven.lifecycle.internal.MojoExecutor.execute(MojoExecutor.java:207)
	at org.apache.maven.lifecycle.internal.MojoExecutor.execute(MojoExecutor.java:153)
	at org.apache.maven.lifecycle.internal.MojoExecutor.execute(MojoExecutor.java:145)
	at org.apache.maven.lifecycle.internal.LifecycleModuleBuilder.buildProject(LifecycleModuleBuilder.java:116)
	at org.apache.maven.lifecycle.internal.LifecycleModuleBuilder.buildProject(LifecycleModuleBuilder.java:80)
	at org.apache.maven.lifecycle.internal.builder.singlethreaded.SingleThreadedBuilder.build(SingleThreadedBuilder.java:51)
	at org.apache.maven.lifecycle.internal.LifecycleStarter.execute(LifecycleStarter.java:128)
	at org.apache.maven.DefaultMaven.doExecute(DefaultMaven.java:307)
	at org.apache.maven.DefaultMaven.doExecute(DefaultMaven.java:193)
	at org.apache.maven.DefaultMaven.execute(DefaultMaven.java:106)
	at org.apache.maven.cli.MavenCli.execute(MavenCli.java:863)
	at org.apache.maven.cli.MavenCli.doMain(MavenCli.java:288)
	at org.apache.maven.cli.MavenCli.main(MavenCli.java:199)
	at sun.reflect.NativeMethodAccessorImpl.invoke0(Native Method)
	at sun.reflect.NativeMethodAccessorImpl.invoke(NativeMethodAccessorImpl.java:62)
	at sun.reflect.DelegatingMethodAccessorImpl.invoke(DelegatingMethodAccessorImpl.java:43)
	at java.lang.reflect.Method.invoke(Method.java:498)
	at org.codehaus.plexus.classworlds.launcher.Launcher.launchEnhanced(Launcher.java:289)
	at org.codehaus.plexus.classworlds.launcher.Launcher.launch(Launcher.java:229)
	at org.codehaus.plexus.classworlds.launcher.Launcher.mainWithExitCode(Launcher.java:415)
	at org.codehaus.plexus.classworlds.launcher.Launcher.main(Launcher.java:356)
	at org.codehaus.classworlds.Launcher.main(Launcher.java:47)
2017-11-23 08:54:39 [ ERROR ] [ FailbackRegistry.java :151(register)]  [DUBBO] Failed to register consumer://172.18.56.43/com.shun.upms.api.UpmsApiService?application=server-manage&category=consumers&check=false&default.check=false&dubbo=2.5.7&interface=com.shun.upms.api.UpmsApiService&methods=selectUpmsOrganizationByExample,insertUpmsLogSelective,selectUpmsRoleByUpmsUserId,selectUpmsRolePermisstionByUpmsRoleId,selectUpmsSystemByExample,selectUpmsPermissionByUpmsUserIdByCache,selectUpmsUserByUsername,selectUpmsRoleByUpmsUserIdByCache,selectUpmsPermissionByUpmsUserId,selectUpmsUserPermissionByUpmsUserId&mock=true&pid=2992&revision=1.0.0&side=consumer&timeout=30000&timestamp=1511398449139, waiting for retry, cause: Failed to register consumer://172.18.56.43/com.shun.upms.api.UpmsApiService?application=server-manage&category=consumers&check=false&default.check=false&dubbo=2.5.7&interface=com.shun.upms.api.UpmsApiService&methods=selectUpmsOrganizationByExample,insertUpmsLogSelective,selectUpmsRoleByUpmsUserId,selectUpmsRolePermisstionByUpmsRoleId,selectUpmsSystemByExample,selectUpmsPermissionByUpmsUserIdByCache,selectUpmsUserByUsername,selectUpmsRoleByUpmsUserIdByCache,selectUpmsPermissionByUpmsUserId,selectUpmsUserPermissionByUpmsUserId&mock=true&pid=2992&revision=1.0.0&side=consumer&timeout=30000&timestamp=1511398449139 to zookeeper zookeeper://192.168.242.134:2181/com.alibaba.dubbo.registry.RegistryService?application=server-manage&dubbo=2.5.7&file=./server-manage-dubbo.cache&interface=com.alibaba.dubbo.registry.RegistryService&pid=2992&timestamp=1511398449441, cause: Zookeeper is not connected yet!, dubbo version: 2.5.7, current host: 172.18.56.43
com.alibaba.dubbo.rpc.RpcException: Failed to register consumer://172.18.56.43/com.shun.upms.api.UpmsApiService?application=server-manage&category=consumers&check=false&default.check=false&dubbo=2.5.7&interface=com.shun.upms.api.UpmsApiService&methods=selectUpmsOrganizationByExample,insertUpmsLogSelective,selectUpmsRoleByUpmsUserId,selectUpmsRolePermisstionByUpmsRoleId,selectUpmsSystemByExample,selectUpmsPermissionByUpmsUserIdByCache,selectUpmsUserByUsername,selectUpmsRoleByUpmsUserIdByCache,selectUpmsPermissionByUpmsUserId,selectUpmsUserPermissionByUpmsUserId&mock=true&pid=2992&revision=1.0.0&side=consumer&timeout=30000&timestamp=1511398449139 to zookeeper zookeeper://192.168.242.134:2181/com.alibaba.dubbo.registry.RegistryService?application=server-manage&dubbo=2.5.7&file=./server-manage-dubbo.cache&interface=com.alibaba.dubbo.registry.RegistryService&pid=2992&timestamp=1511398449441, cause: Zookeeper is not connected yet!
	at com.alibaba.dubbo.registry.zookeeper.ZookeeperRegistry.doRegister(ZookeeperRegistry.java:112)
	at com.alibaba.dubbo.registry.support.FailbackRegistry.register(FailbackRegistry.java:136)
	at com.alibaba.dubbo.registry.integration.RegistryProtocol.doRefer(RegistryProtocol.java:287)
	at com.alibaba.dubbo.registry.integration.RegistryProtocol.refer(RegistryProtocol.java:271)
	at com.alibaba.dubbo.rpc.protocol.ProtocolFilterWrapper.refer(ProtocolFilterWrapper.java:99)
	at com.alibaba.dubbo.rpc.protocol.ProtocolListenerWrapper.refer(ProtocolListenerWrapper.java:63)
	at com.alibaba.dubbo.rpc.Protocol$Adaptive.refer(Protocol$Adaptive.java)
	at com.alibaba.dubbo.config.ReferenceConfig.createProxy(ReferenceConfig.java:391)
	at com.alibaba.dubbo.config.ReferenceConfig.init(ReferenceConfig.java:332)
	at com.alibaba.dubbo.config.ReferenceConfig.get(ReferenceConfig.java:161)
	at com.alibaba.dubbo.config.spring.ReferenceBean.getObject(ReferenceBean.java:65)
	at org.springframework.beans.factory.support.FactoryBeanRegistrySupport.doGetObjectFromFactoryBean(FactoryBeanRegistrySupport.java:162)
	at org.springframework.beans.factory.support.FactoryBeanRegistrySupport.getObjectFromFactoryBean(FactoryBeanRegistrySupport.java:101)
	at org.springframework.beans.factory.support.AbstractBeanFactory.getObjectForBeanInstance(AbstractBeanFactory.java:1640)
	at org.springframework.beans.factory.support.AbstractAutowireCapableBeanFactory.getObjectForBeanInstance(AbstractAutowireCapableBeanFactory.java:1177)
	at org.springframework.beans.factory.support.AbstractBeanFactory.doGetBean(AbstractBeanFactory.java:258)
	at org.springframework.beans.factory.support.AbstractBeanFactory.getBean(AbstractBeanFactory.java:200)
	at org.springframework.beans.factory.config.DependencyDescriptor.resolveCandidate(DependencyDescriptor.java:251)
	at org.springframework.beans.factory.support.DefaultListableBeanFactory.addCandidateEntry(DefaultListableBeanFactory.java:1320)
	at org.springframework.beans.factory.support.DefaultListableBeanFactory.findAutowireCandidates(DefaultListableBeanFactory.java:1286)
	at org.springframework.beans.factory.support.DefaultListableBeanFactory.doResolveDependency(DefaultListableBeanFactory.java:1096)
	at org.springframework.beans.factory.support.DefaultListableBeanFactory.resolveDependency(DefaultListableBeanFactory.java:1060)
	at org.springframework.beans.factory.annotation.AutowiredAnnotationBeanPostProcessor$AutowiredFieldElement.inject(AutowiredAnnotationBeanPostProcessor.java:578)
	at org.springframework.beans.factory.annotation.InjectionMetadata.inject(InjectionMetadata.java:91)
	at org.springframework.beans.factory.annotation.AutowiredAnnotationBeanPostProcessor.postProcessPropertyValues(AutowiredAnnotationBeanPostProcessor.java:367)
	at org.springframework.beans.factory.support.AbstractAutowireCapableBeanFactory.populateBean(AbstractAutowireCapableBeanFactory.java:1340)
	at org.springframework.beans.factory.support.AbstractAutowireCapableBeanFactory.doCreateBean(AbstractAutowireCapableBeanFactory.java:582)
	at org.springframework.beans.factory.support.AbstractAutowireCapableBeanFactory.createBean(AbstractAutowireCapableBeanFactory.java:502)
	at org.springframework.beans.factory.support.AbstractBeanFactory.lambda$doGetBean$0(AbstractBeanFactory.java:312)
	at org.springframework.beans.factory.support.DefaultSingletonBeanRegistry.getSingleton(DefaultSingletonBeanRegistry.java:228)
	at org.springframework.beans.factory.support.AbstractBeanFactory.doGetBean(AbstractBeanFactory.java:310)
	at org.springframework.beans.factory.support.AbstractBeanFactory.getBean(AbstractBeanFactory.java:200)
	at org.springframework.beans.factory.support.BeanDefinitionValueResolver.resolveReference(BeanDefinitionValueResolver.java:367)
	at org.springframework.beans.factory.support.BeanDefinitionValueResolver.resolveValueIfNecessary(BeanDefinitionValueResolver.java:110)
	at org.springframework.beans.factory.support.BeanDefinitionValueResolver.resolveManagedList(BeanDefinitionValueResolver.java:401)
	at org.springframework.beans.factory.support.BeanDefinitionValueResolver.resolveValueIfNecessary(BeanDefinitionValueResolver.java:159)
	at org.springframework.beans.factory.support.AbstractAutowireCapableBeanFactory.applyPropertyValues(AbstractAutowireCapableBeanFactory.java:1607)
	at org.springframework.beans.factory.support.AbstractAutowireCapableBeanFactory.populateBean(AbstractAutowireCapableBeanFactory.java:1352)
	at org.springframework.beans.factory.support.AbstractAutowireCapableBeanFactory.doCreateBean(AbstractAutowireCapableBeanFactory.java:582)
	at org.springframework.beans.factory.support.AbstractAutowireCapableBeanFactory.createBean(AbstractAutowireCapableBeanFactory.java:502)
	at org.springframework.beans.factory.support.AbstractBeanFactory.lambda$doGetBean$0(AbstractBeanFactory.java:312)
	at org.springframework.beans.factory.support.DefaultSingletonBeanRegistry.getSingleton(DefaultSingletonBeanRegistry.java:228)
	at org.springframework.beans.factory.support.AbstractBeanFactory.doGetBean(AbstractBeanFactory.java:310)
	at org.springframework.beans.factory.support.AbstractBeanFactory.getBean(AbstractBeanFactory.java:200)
	at org.springframework.beans.factory.support.BeanDefinitionValueResolver.resolveReference(BeanDefinitionValueResolver.java:367)
	at org.springframework.beans.factory.support.BeanDefinitionValueResolver.resolveValueIfNecessary(BeanDefinitionValueResolver.java:110)
	at org.springframework.beans.factory.support.AbstractAutowireCapableBeanFactory.applyPropertyValues(AbstractAutowireCapableBeanFactory.java:1607)
	at org.springframework.beans.factory.support.AbstractAutowireCapableBeanFactory.populateBean(AbstractAutowireCapableBeanFactory.java:1352)
	at org.springframework.beans.factory.support.AbstractAutowireCapableBeanFactory.doCreateBean(AbstractAutowireCapableBeanFactory.java:582)
	at org.springframework.beans.factory.support.AbstractAutowireCapableBeanFactory.createBean(AbstractAutowireCapableBeanFactory.java:502)
	at org.springframework.beans.factory.support.AbstractBeanFactory.lambda$doGetBean$0(AbstractBeanFactory.java:312)
	at org.springframework.beans.factory.support.DefaultSingletonBeanRegistry.getSingleton(DefaultSingletonBeanRegistry.java:228)
	at org.springframework.beans.factory.support.AbstractBeanFactory.doGetBean(AbstractBeanFactory.java:310)
	at org.springframework.beans.factory.support.AbstractBeanFactory.getBean(AbstractBeanFactory.java:200)
	at org.springframework.beans.factory.support.BeanDefinitionValueResolver.resolveReference(BeanDefinitionValueResolver.java:367)
	at org.springframework.beans.factory.support.BeanDefinitionValueResolver.resolveValueIfNecessary(BeanDefinitionValueResolver.java:110)
	at org.springframework.beans.factory.support.AbstractAutowireCapableBeanFactory.applyPropertyValues(AbstractAutowireCapableBeanFactory.java:1607)
	at org.springframework.beans.factory.support.AbstractAutowireCapableBeanFactory.populateBean(AbstractAutowireCapableBeanFactory.java:1352)
	at org.springframework.beans.factory.support.AbstractAutowireCapableBeanFactory.doCreateBean(AbstractAutowireCapableBeanFactory.java:582)
	at org.springframework.beans.factory.support.AbstractAutowireCapableBeanFactory.createBean(AbstractAutowireCapableBeanFactory.java:502)
	at org.springframework.beans.factory.support.AbstractBeanFactory.lambda$doGetBean$0(AbstractBeanFactory.java:312)
	at org.springframework.beans.factory.support.DefaultSingletonBeanRegistry.getSingleton(DefaultSingletonBeanRegistry.java:228)
	at org.springframework.beans.factory.support.AbstractBeanFactory.doGetBean(AbstractBeanFactory.java:310)
	at org.springframework.beans.factory.support.AbstractBeanFactory.getBean(AbstractBeanFactory.java:205)
	at org.springframework.context.support.PostProcessorRegistrationDelegate.registerBeanPostProcessors(PostProcessorRegistrationDelegate.java:238)
	at org.springframework.context.support.AbstractApplicationContext.registerBeanPostProcessors(AbstractApplicationContext.java:709)
	at org.springframework.context.support.AbstractApplicationContext.refresh(AbstractApplicationContext.java:534)
	at org.springframework.web.context.ContextLoader.configureAndRefreshWebApplicationContext(ContextLoader.java:409)
	at org.springframework.web.context.ContextLoader.initWebApplicationContext(ContextLoader.java:291)
	at org.springframework.web.context.ContextLoaderListener.contextInitialized(ContextLoaderListener.java:103)
	at org.eclipse.jetty.server.handler.ContextHandler.callContextInitialized(ContextHandler.java:890)
	at org.eclipse.jetty.servlet.ServletContextHandler.callContextInitialized(ServletContextHandler.java:532)
	at org.eclipse.jetty.server.handler.ContextHandler.startContext(ContextHandler.java:853)
	at org.eclipse.jetty.servlet.ServletContextHandler.startContext(ServletContextHandler.java:344)
	at org.eclipse.jetty.webapp.WebAppContext.startWebapp(WebAppContext.java:1514)
	at org.eclipse.jetty.maven.plugin.JettyWebAppContext.startWebapp(JettyWebAppContext.java:359)
	at org.eclipse.jetty.webapp.WebAppContext.startContext(WebAppContext.java:1476)
	at org.eclipse.jetty.server.handler.ContextHandler.doStart(ContextHandler.java:785)
	at org.eclipse.jetty.servlet.ServletContextHandler.doStart(ServletContextHandler.java:261)
	at org.eclipse.jetty.webapp.WebAppContext.doStart(WebAppContext.java:545)
	at org.eclipse.jetty.maven.plugin.JettyWebAppContext.doStart(JettyWebAppContext.java:434)
	at org.eclipse.jetty.util.component.AbstractLifeCycle.start(AbstractLifeCycle.java:68)
	at org.eclipse.jetty.util.component.ContainerLifeCycle.start(ContainerLifeCycle.java:131)
	at org.eclipse.jetty.util.component.ContainerLifeCycle.doStart(ContainerLifeCycle.java:113)
	at org.eclipse.jetty.server.handler.AbstractHandler.doStart(AbstractHandler.java:113)
	at org.eclipse.jetty.server.handler.ContextHandlerCollection.doStart(ContextHandlerCollection.java:167)
	at org.eclipse.jetty.util.component.AbstractLifeCycle.start(AbstractLifeCycle.java:68)
	at org.eclipse.jetty.util.component.ContainerLifeCycle.start(ContainerLifeCycle.java:131)
	at org.eclipse.jetty.util.component.ContainerLifeCycle.doStart(ContainerLifeCycle.java:113)
	at org.eclipse.jetty.server.handler.AbstractHandler.doStart(AbstractHandler.java:113)
	at org.eclipse.jetty.util.component.AbstractLifeCycle.start(AbstractLifeCycle.java:68)
	at org.eclipse.jetty.util.component.ContainerLifeCycle.start(ContainerLifeCycle.java:131)
	at org.eclipse.jetty.server.Server.start(Server.java:449)
	at org.eclipse.jetty.util.component.ContainerLifeCycle.doStart(ContainerLifeCycle.java:105)
	at org.eclipse.jetty.server.handler.AbstractHandler.doStart(AbstractHandler.java:113)
	at org.eclipse.jetty.server.Server.doStart(Server.java:416)
	at org.eclipse.jetty.util.component.AbstractLifeCycle.start(AbstractLifeCycle.java:68)
	at org.eclipse.jetty.maven.plugin.AbstractJettyMojo.startJetty(AbstractJettyMojo.java:467)
	at org.eclipse.jetty.maven.plugin.AbstractJettyMojo.execute(AbstractJettyMojo.java:333)
	at org.eclipse.jetty.maven.plugin.JettyRunWarExplodedMojo.execute(JettyRunWarExplodedMojo.java:69)
	at org.apache.maven.plugin.DefaultBuildPluginManager.executeMojo(DefaultBuildPluginManager.java:134)
	at org.apache.maven.lifecycle.internal.MojoExecutor.execute(MojoExecutor.java:207)
	at org.apache.maven.lifecycle.internal.MojoExecutor.execute(MojoExecutor.java:153)
	at org.apache.maven.lifecycle.internal.MojoExecutor.execute(MojoExecutor.java:145)
	at org.apache.maven.lifecycle.internal.LifecycleModuleBuilder.buildProject(LifecycleModuleBuilder.java:116)
	at org.apache.maven.lifecycle.internal.LifecycleModuleBuilder.buildProject(LifecycleModuleBuilder.java:80)
	at org.apache.maven.lifecycle.internal.builder.singlethreaded.SingleThreadedBuilder.build(SingleThreadedBuilder.java:51)
	at org.apache.maven.lifecycle.internal.LifecycleStarter.execute(LifecycleStarter.java:128)
	at org.apache.maven.DefaultMaven.doExecute(DefaultMaven.java:307)
	at org.apache.maven.DefaultMaven.doExecute(DefaultMaven.java:193)
	at org.apache.maven.DefaultMaven.execute(DefaultMaven.java:106)
	at org.apache.maven.cli.MavenCli.execute(MavenCli.java:863)
	at org.apache.maven.cli.MavenCli.doMain(MavenCli.java:288)
	at org.apache.maven.cli.MavenCli.main(MavenCli.java:199)
	at sun.reflect.NativeMethodAccessorImpl.invoke0(Native Method)
	at sun.reflect.NativeMethodAccessorImpl.invoke(NativeMethodAccessorImpl.java:62)
	at sun.reflect.DelegatingMethodAccessorImpl.invoke(DelegatingMethodAccessorImpl.java:43)
	at java.lang.reflect.Method.invoke(Method.java:498)
	at org.codehaus.plexus.classworlds.launcher.Launcher.launchEnhanced(Launcher.java:289)
	at org.codehaus.plexus.classworlds.launcher.Launcher.launch(Launcher.java:229)
	at org.codehaus.plexus.classworlds.launcher.Launcher.mainWithExitCode(Launcher.java:415)
	at org.codehaus.plexus.classworlds.launcher.Launcher.main(Launcher.java:356)
	at org.codehaus.classworlds.Launcher.main(Launcher.java:47)
Caused by: java.lang.IllegalStateException: Zookeeper is not connected yet!
	at com.alibaba.dubbo.remoting.zookeeper.zkclient.ZkClientWrapper.createPersistent(ZkClientWrapper.java:82)
	at com.alibaba.dubbo.remoting.zookeeper.zkclient.ZkclientZookeeperClient.createPersistent(ZkclientZookeeperClient.java:45)
	at com.alibaba.dubbo.remoting.zookeeper.support.AbstractZookeeperClient.create(AbstractZookeeperClient.java:47)
	at com.alibaba.dubbo.remoting.zookeeper.support.AbstractZookeeperClient.create(AbstractZookeeperClient.java:41)
	at com.alibaba.dubbo.remoting.zookeeper.support.AbstractZookeeperClient.create(AbstractZookeeperClient.java:41)
	at com.alibaba.dubbo.remoting.zookeeper.support.AbstractZookeeperClient.create(AbstractZookeeperClient.java:41)
	at com.alibaba.dubbo.registry.zookeeper.ZookeeperRegistry.doRegister(ZookeeperRegistry.java:110)
	... 122 more
2017-11-23 14:05:15 [ ERROR ] [ ClientCnxn$1.java :422(uncaughtException)] from DubboZkclientConnector-SendThread(hadoop-senior01:2181)
java.lang.NoClassDefFoundError: org/apache/zookeeper/proto/SetWatches
	at org.apache.zookeeper.ClientCnxn$SendThread.primeConnection(ClientCnxn.java:972)
	at org.apache.zookeeper.ClientCnxn$SendThread.run(ClientCnxn.java:1122)
Caused by: java.lang.ClassNotFoundException: org.apache.zookeeper.proto.SetWatches
	at org.codehaus.plexus.classworlds.strategy.SelfFirstStrategy.loadClass(SelfFirstStrategy.java:50)
	at org.codehaus.plexus.classworlds.realm.ClassRealm.unsynchronizedLoadClass(ClassRealm.java:271)
	at org.codehaus.plexus.classworlds.realm.ClassRealm.loadClass(ClassRealm.java:247)
	at org.codehaus.plexus.classworlds.realm.ClassRealm.loadClass(ClassRealm.java:239)
	at org.eclipse.jetty.webapp.WebAppClassLoader.loadClass(WebAppClassLoader.java:560)
	at java.lang.ClassLoader.loadClass(ClassLoader.java:357)
	... 2 more
