2017-11-27 08:51:37,199 - Log4JLogChute initialized using file 'velocity.log'
2017-11-27 08:51:37,200 - Initializing Velocity, Calling init()...
2017-11-27 08:51:37,200 - Starting Apache Velocity v1.7 (compiled: 2010-11-19 12:14:37)
2017-11-27 08:51:37,200 - Default Properties File: org/apache/velocity/runtime/defaults/velocity.properties
2017-11-27 08:51:37,200 - Trying to use logger class org.apache.velocity.runtime.log.AvalonLogChute
2017-11-27 08:51:37,200 - Target log system for org.apache.velocity.runtime.log.AvalonLogChute is not available (java.lang.NoClassDefFoundError: org/apache/log/format/Formatter).  Falling back to next log system...
2017-11-27 08:51:37,200 - Trying to use logger class org.apache.velocity.runtime.log.Log4JLogChute
2017-11-27 08:51:37,200 - Using logger class org.apache.velocity.runtime.log.Log4JLogChute
2017-11-27 08:51:37,203 - ResourceLoader instantiated: org.apache.velocity.runtime.resource.loader.FileResourceLoader
2017-11-27 08:51:37,203 - Do unicode file recognition:  false
2017-11-27 08:51:37,203 - FileResourceLoader : adding path '/Users/mew/Desktop/AllMyFile/CompanyReposity/GitHub/shun-master/commons/framework/framework-util-ext/target/classes/template/'
2017-11-27 08:51:37,219 - ResourceCache: initialized (class org.apache.velocity.runtime.resource.ResourceCacheImpl) with class java.util.Collections$SynchronizedMap cache map.
2017-11-27 08:51:37,220 - Loaded System Directive: org.apache.velocity.runtime.directive.Stop
2017-11-27 08:51:37,221 - Loaded System Directive: org.apache.velocity.runtime.directive.Define
2017-11-27 08:51:37,221 - Loaded System Directive: org.apache.velocity.runtime.directive.Break
2017-11-27 08:51:37,222 - Loaded System Directive: org.apache.velocity.runtime.directive.Evaluate
2017-11-27 08:51:37,222 - Loaded System Directive: org.apache.velocity.runtime.directive.Literal
2017-11-27 08:51:37,223 - Loaded System Directive: org.apache.velocity.runtime.directive.Macro
2017-11-27 08:51:37,224 - Loaded System Directive: org.apache.velocity.runtime.directive.Parse
2017-11-27 08:51:37,224 - Loaded System Directive: org.apache.velocity.runtime.directive.Include
2017-11-27 08:51:37,225 - Loaded System Directive: org.apache.velocity.runtime.directive.Foreach
2017-11-27 08:51:37,252 - Created '20' parsers.
2017-11-27 08:51:37,255 - Velocimacro : "velocimacro.library" is not set.  Trying default library: VM_global_library.vm
2017-11-27 08:51:37,255 - Velocimacro : Default library not found.
2017-11-27 08:51:37,255 - Velocimacro : allowInline = true : VMs can be defined inline in templates
2017-11-27 08:51:37,256 - Velocimacro : allowInlineToOverride = false : VMs defined inline may NOT replace previous VM definitions
2017-11-27 08:51:37,256 - Velocimacro : allowInlineLocal = false : VMs defined inline will be global in scope if allowed.
2017-11-27 08:51:37,256 - Velocimacro : autoload off : VM system will not automatically reload global library macros
2017-11-27 08:51:37,279 - ResourceManager : found generatorConfig.vm with loader org.apache.velocity.runtime.resource.loader.FileResourceLoader
2017-11-27 08:51:37,901 - ResourceManager : found Service.vm with loader org.apache.velocity.runtime.resource.loader.FileResourceLoader
2017-11-27 08:51:37,904 - ResourceManager : found ServiceMock.vm with loader org.apache.velocity.runtime.resource.loader.FileResourceLoader
2017-11-27 08:51:37,906 - ResourceManager : found ServiceImpl.vm with loader org.apache.velocity.runtime.resource.loader.FileResourceLoader
2017-11-27 08:51:37,913 - ResourceManager : found Dao.vm with loader org.apache.velocity.runtime.resource.loader.FileResourceLoader
2017-11-27 08:51:37,914 - ResourceManager : found Service.vm with loader org.apache.velocity.runtime.resource.loader.FileResourceLoader
2017-11-27 08:51:37,915 - ResourceManager : found ServiceMock.vm with loader org.apache.velocity.runtime.resource.loader.FileResourceLoader
2017-11-27 08:51:37,916 - ResourceManager : found ServiceImpl.vm with loader org.apache.velocity.runtime.resource.loader.FileResourceLoader
2017-11-27 08:51:37,917 - ResourceManager : found Dao.vm with loader org.apache.velocity.runtime.resource.loader.FileResourceLoader
2017-11-27 08:51:37,919 - ResourceManager : found Service.vm with loader org.apache.velocity.runtime.resource.loader.FileResourceLoader
2017-11-27 08:51:37,920 - ResourceManager : found ServiceMock.vm with loader org.apache.velocity.runtime.resource.loader.FileResourceLoader
2017-11-27 08:51:37,921 - ResourceManager : found ServiceImpl.vm with loader org.apache.velocity.runtime.resource.loader.FileResourceLoader
2017-11-27 08:51:37,922 - ResourceManager : found Dao.vm with loader org.apache.velocity.runtime.resource.loader.FileResourceLoader
2017-11-27 08:51:37,923 - ResourceManager : found Service.vm with loader org.apache.velocity.runtime.resource.loader.FileResourceLoader
2017-11-27 08:51:37,924 - ResourceManager : found ServiceMock.vm with loader org.apache.velocity.runtime.resource.loader.FileResourceLoader
2017-11-27 08:51:37,925 - ResourceManager : found ServiceImpl.vm with loader org.apache.velocity.runtime.resource.loader.FileResourceLoader
2017-11-27 08:51:37,926 - ResourceManager : found Dao.vm with loader org.apache.velocity.runtime.resource.loader.FileResourceLoader
2017-11-27 08:51:37,927 - ResourceManager : found Service.vm with loader org.apache.velocity.runtime.resource.loader.FileResourceLoader
2017-11-27 08:51:37,928 - ResourceManager : found ServiceMock.vm with loader org.apache.velocity.runtime.resource.loader.FileResourceLoader
2017-11-27 08:51:37,929 - ResourceManager : found ServiceImpl.vm with loader org.apache.velocity.runtime.resource.loader.FileResourceLoader
2017-11-27 08:51:37,930 - ResourceManager : found Dao.vm with loader org.apache.velocity.runtime.resource.loader.FileResourceLoader
2017-11-27 08:51:37,931 - ResourceManager : found Service.vm with loader org.apache.velocity.runtime.resource.loader.FileResourceLoader
2017-11-27 08:51:37,932 - ResourceManager : found ServiceMock.vm with loader org.apache.velocity.runtime.resource.loader.FileResourceLoader
2017-11-27 08:51:37,933 - ResourceManager : found ServiceImpl.vm with loader org.apache.velocity.runtime.resource.loader.FileResourceLoader
2017-11-27 08:51:37,934 - ResourceManager : found Dao.vm with loader org.apache.velocity.runtime.resource.loader.FileResourceLoader
2017-11-27 08:51:37,935 - ResourceManager : found Service.vm with loader org.apache.velocity.runtime.resource.loader.FileResourceLoader
2017-11-27 08:51:37,936 - ResourceManager : found ServiceMock.vm with loader org.apache.velocity.runtime.resource.loader.FileResourceLoader
2017-11-27 08:51:37,936 - ResourceManager : found ServiceImpl.vm with loader org.apache.velocity.runtime.resource.loader.FileResourceLoader
2017-11-27 08:51:37,937 - ResourceManager : found Dao.vm with loader org.apache.velocity.runtime.resource.loader.FileResourceLoader
2017-11-27 08:51:37,938 - ResourceManager : found Service.vm with loader org.apache.velocity.runtime.resource.loader.FileResourceLoader
2017-11-27 08:51:37,938 - ResourceManager : found ServiceMock.vm with loader org.apache.velocity.runtime.resource.loader.FileResourceLoader
2017-11-27 08:51:37,939 - ResourceManager : found ServiceImpl.vm with loader org.apache.velocity.runtime.resource.loader.FileResourceLoader
2017-11-27 08:51:37,940 - ResourceManager : found Dao.vm with loader org.apache.velocity.runtime.resource.loader.FileResourceLoader
2017-11-27 08:51:37,941 - ResourceManager : found Service.vm with loader org.apache.velocity.runtime.resource.loader.FileResourceLoader
2017-11-27 08:51:37,941 - ResourceManager : found ServiceMock.vm with loader org.apache.velocity.runtime.resource.loader.FileResourceLoader
2017-11-27 08:51:37,942 - ResourceManager : found ServiceImpl.vm with loader org.apache.velocity.runtime.resource.loader.FileResourceLoader
2017-11-27 08:51:37,943 - ResourceManager : found Dao.vm with loader org.apache.velocity.runtime.resource.loader.FileResourceLoader
2017-11-27 08:51:37,943 - ResourceManager : found Service.vm with loader org.apache.velocity.runtime.resource.loader.FileResourceLoader
2017-11-27 08:51:37,944 - ResourceManager : found ServiceMock.vm with loader org.apache.velocity.runtime.resource.loader.FileResourceLoader
2017-11-27 08:51:37,945 - ResourceManager : found ServiceImpl.vm with loader org.apache.velocity.runtime.resource.loader.FileResourceLoader
2017-11-27 08:51:37,945 - ResourceManager : found Dao.vm with loader org.apache.velocity.runtime.resource.loader.FileResourceLoader
2017-11-27 08:51:37,946 - ResourceManager : found Service.vm with loader org.apache.velocity.runtime.resource.loader.FileResourceLoader
2017-11-27 08:51:37,947 - ResourceManager : found ServiceMock.vm with loader org.apache.velocity.runtime.resource.loader.FileResourceLoader
2017-11-27 08:51:37,947 - ResourceManager : found ServiceImpl.vm with loader org.apache.velocity.runtime.resource.loader.FileResourceLoader
2017-11-27 08:51:37,948 - ResourceManager : found Dao.vm with loader org.apache.velocity.runtime.resource.loader.FileResourceLoader
2017-11-27 08:51:37,949 - ResourceManager : found Service.vm with loader org.apache.velocity.runtime.resource.loader.FileResourceLoader
2017-11-27 08:51:37,950 - ResourceManager : found ServiceMock.vm with loader org.apache.velocity.runtime.resource.loader.FileResourceLoader
2017-11-27 08:51:37,950 - ResourceManager : found ServiceImpl.vm with loader org.apache.velocity.runtime.resource.loader.FileResourceLoader
2017-11-27 08:51:37,951 - ResourceManager : found Dao.vm with loader org.apache.velocity.runtime.resource.loader.FileResourceLoader
2017-11-27 08:55:43,967 - Log4JLogChute initialized using file 'velocity.log'
2017-11-27 08:55:43,984 - Initializing Velocity, Calling init()...
2017-11-27 08:55:43,984 - Starting Apache Velocity v1.7 (compiled: 2010-11-19 12:14:37)
2017-11-27 08:55:43,984 - Default Properties File: org/apache/velocity/runtime/defaults/velocity.properties
2017-11-27 08:55:43,984 - Trying to use logger class org.apache.velocity.runtime.log.AvalonLogChute
2017-11-27 08:55:43,984 - Target log system for org.apache.velocity.runtime.log.AvalonLogChute is not available (java.lang.NoClassDefFoundError: org/apache/log/format/Formatter).  Falling back to next log system...
2017-11-27 08:55:43,984 - Trying to use logger class org.apache.velocity.runtime.log.Log4JLogChute
2017-11-27 08:55:43,984 - Using logger class org.apache.velocity.runtime.log.Log4JLogChute
2017-11-27 08:55:43,988 - ResourceLoader instantiated: org.apache.velocity.runtime.resource.loader.FileResourceLoader
2017-11-27 08:55:43,988 - Do unicode file recognition:  false
2017-11-27 08:55:43,988 - FileResourceLoader : adding path '/Users/mew/Desktop/AllMyFile/CompanyReposity/GitHub/shun-master/commons/framework/framework-util-ext/target/classes/template/'
2017-11-27 08:55:43,994 - ResourceCache: initialized (class org.apache.velocity.runtime.resource.ResourceCacheImpl) with class java.util.Collections$SynchronizedMap cache map.
2017-11-27 08:55:43,994 - Loaded System Directive: org.apache.velocity.runtime.directive.Stop
2017-11-27 08:55:43,995 - Loaded System Directive: org.apache.velocity.runtime.directive.Define
2017-11-27 08:55:43,996 - Loaded System Directive: org.apache.velocity.runtime.directive.Break
2017-11-27 08:55:44,003 - Loaded System Directive: org.apache.velocity.runtime.directive.Evaluate
2017-11-27 08:55:44,004 - Loaded System Directive: org.apache.velocity.runtime.directive.Literal
2017-11-27 08:55:44,005 - Loaded System Directive: org.apache.velocity.runtime.directive.Macro
2017-11-27 08:55:44,006 - Loaded System Directive: org.apache.velocity.runtime.directive.Parse
2017-11-27 08:55:44,007 - Loaded System Directive: org.apache.velocity.runtime.directive.Include
2017-11-27 08:55:44,007 - Loaded System Directive: org.apache.velocity.runtime.directive.Foreach
2017-11-27 08:55:44,033 - Created '20' parsers.
2017-11-27 08:59:30,715 - Log4JLogChute initialized using file 'velocity.log'
2017-11-27 08:59:30,733 - Initializing Velocity, Calling init()...
2017-11-27 08:59:30,733 - Starting Apache Velocity v1.7 (compiled: 2010-11-19 12:14:37)
2017-11-27 08:59:30,733 - Default Properties File: org/apache/velocity/runtime/defaults/velocity.properties
2017-11-27 08:59:30,733 - Trying to use logger class org.apache.velocity.runtime.log.AvalonLogChute
2017-11-27 08:59:30,733 - Target log system for org.apache.velocity.runtime.log.AvalonLogChute is not available (java.lang.NoClassDefFoundError: org/apache/log/format/Formatter).  Falling back to next log system...
2017-11-27 08:59:30,733 - Trying to use logger class org.apache.velocity.runtime.log.Log4JLogChute
2017-11-27 08:59:30,733 - Using logger class org.apache.velocity.runtime.log.Log4JLogChute
2017-11-27 08:59:30,736 - ResourceLoader instantiated: org.apache.velocity.runtime.resource.loader.FileResourceLoader
2017-11-27 08:59:30,737 - Do unicode file recognition:  false
2017-11-27 08:59:30,737 - FileResourceLoader : adding path '/Users/mew/Desktop/AllMyFile/CompanyReposity/GitHub/shun-master/commons/framework/framework-util-ext/target/classes/template/'
2017-11-27 08:59:30,742 - ResourceCache: initialized (class org.apache.velocity.runtime.resource.ResourceCacheImpl) with class java.util.Collections$SynchronizedMap cache map.
2017-11-27 08:59:30,743 - Loaded System Directive: org.apache.velocity.runtime.directive.Stop
2017-11-27 08:59:30,744 - Loaded System Directive: org.apache.velocity.runtime.directive.Define
2017-11-27 08:59:30,744 - Loaded System Directive: org.apache.velocity.runtime.directive.Break
2017-11-27 08:59:30,752 - Loaded System Directive: org.apache.velocity.runtime.directive.Evaluate
2017-11-27 08:59:30,752 - Loaded System Directive: org.apache.velocity.runtime.directive.Literal
2017-11-27 08:59:30,753 - Loaded System Directive: org.apache.velocity.runtime.directive.Macro
2017-11-27 08:59:30,754 - Loaded System Directive: org.apache.velocity.runtime.directive.Parse
2017-11-27 08:59:30,755 - Loaded System Directive: org.apache.velocity.runtime.directive.Include
2017-11-27 08:59:30,755 - Loaded System Directive: org.apache.velocity.runtime.directive.Foreach
